58 57 4 27 56 88 3 33 89 2 32 90 99 91 98 97 96 5 6 7 8 9 10 11 12 13 14 15 16 17 18 19 20 21 22 23 24 25 26 60 61 62 63 64 65 66 67 68 69 70 71 72 73 74 75 76 77 78 79 80 81 82 83 84 85 86 87 1 28 31 55 59 92 95
58 57
58 4
58 27
58 5
58 6
58 7
58 8
58 9
58 10
58 11
58 12
58 13
58 14
58 15
58 16
58 17
58 18
58 19
58 20
58 21
58 22
58 23
58 24
58 25
58 26
58 59
57 56
57 88
57 60
57 61
57 62
57 63
57 64
57 65
57 66
57 67
57 68
57 69
57 70
57 71
57 72
57 73
57 74
57 75
57 76
57 77
57 78
57 79
57 80
57 81
57 82
57 83
57 84
57 85
57 86
57 87
4 3
27 28
56 33
56 55
88 89
3 2
33 32
89 90
89 99
2 1
32 31
90 91
99 98
91 92
98 97
97 96
96 95