15 14 16 31 32 33 13 35 36 37 17 39 40 12 18 11 19 10 20 9 21 8 22 7 23 6 24 5 25 4 26 3 27 2 28 89 34 42 49 71 72 41 50 63 95 94 29 93 82 43 81 92 83 38 68 67 66 91 99 80 85 97 75 96 65 76 51 64 1 98 56 55 74 54 77 73 53 84
15 14
15 16
15 31
15 32
15 33
15 34
14 13
14 35
14 36
14 37
14 38
16 17
16 39
16 40
16 42
16 41
31 43
32 49
32 50
32 51
33 56
33 55
33 54
33 53
13 12
13 63
13 66
13 65
13 64
35 71
35 72
35 75
35 74
35 73
36 80
36 76
36 77
37 89
37 82
37 81
37 83
37 85
37 84
17 18
17 68
17 67
39 95
39 94
39 93
39 92
39 91
40 99
40 97
40 96
40 98
12 11
18 19
11 10
19 20
10 9
20 21
9 8
21 22
8 7
22 23
7 6
23 24
6 5
24 25
5 4
25 26
4 3
26 27
3 2
27 28
2 1
28 29