6 7 8 11 14 15 18 21 22 25 28 29 32 35 36 37 39 40 42 43 44 46 47 49 50 51 53 54 56 57 58 60 61 63 64 65 67 68 70 71 74 77 78 81 84 85 88 91 92 95 98 2 41 48 55 62 69 38 45 52 59 66 75 73
6 7
6 2
7 8
8 11
11 14
14 15
15 18
18 21
21 22
22 25
25 28
28 29
29 32
32 35
35 36
35 38
36 39
37 40
37 41
39 40
39 42
42 43
42 45
43 46
44 47
44 48
46 47
46 49
49 50
49 52
50 53
51 54
51 55
53 54
53 56
56 57
56 59
57 60
58 61
58 62
60 61
60 63
63 64
63 66
64 67
65 68
65 69
67 68
67 70
70 71
70 73
71 74
74 77
74 75
77 78
78 81
81 84
84 85
85 88
88 91
91 92
92 95
95 98