7 11 12 16 17 20 22 23 24 26 27 30 31 34 35 33 39 36 40 41 42 45 46 47 48 50 53 54 57 61 62 60 66 67 69 72 73 74 75 76 78 82 86 87 91 92 38 63 29 96 52 88 58 15 55 37 70 65 3 59 13 79 85 51 4 56 32 28 44 94 49 43
7 12
7 3
7 4
11 16
11 15
12 17
12 13
16 20
17 22
20 23
22 24
23 26
24 27
26 30
27 30
30 34
30 31
30 35
30 29
31 28
34 39
34 33
34 38
35 36
35 40
33 32
39 42
36 41
40 45
41 37
42 46
45 47
45 44
46 48
46 43
47 49
48 50
50 53
53 57
53 52
54 57
54 55
54 51
57 61
57 62
57 58
57 56
61 60
61 66
61 65
62 67
62 63
60 59
66 69
66 70
67 72
69 73
72 74
73 75
74 76
75 78
76 79
78 82
82 86
82 87
86 91
86 85
87 92
87 88
91 94
92 96