4 8 9 10 20 30 40 80 90 91 92 93 94 95 96 97 19 29 39 49 59 69 79 89 14 15 16 17 18 21 31 41 51 61 71 81 82 83 84 85 86 87 88 28 38 48 58 68 78 32 42 52 62 72 73 74 75 76 37 47 35 36 46 64 65 34 3 22 27 77 7 11 70 98 0 99
4 14
4 3
8 9
8 7
9 19
10 20
10 0
20 30
30 40
40 41
80 90
80 70
90 91
91 92
92 93
93 94
94 95
95 85
95 96
96 97
97 98
19 29
29 39
39 49
49 59
59 58
59 69
69 79
79 89
89 99
14 15
15 16
16 17
17 18
18 28
21 31
21 11
31 41
41 51
51 61
61 71
71 81
81 82
82 83
83 84
84 85
85 86
85 74
86 87
87 88
88 78
28 38
38 48
48 58
58 68
58 47
68 78
32 42
32 22
42 52
52 62
62 72
72 73
73 74
74 75
74 64
75 76
75 65
76 77
37 47
37 27
47 46
35 36
35 34
36 46