4 3 1 2 17 15 18 20 6 13 7 53 76 29 30 31 32 33 34 35 36 37 38 39 50 55 56 58 63 78 79 69 85 95 99 91 96 92 89 40 0 11 73 75 84 10 14 65 68 8 54 52 16 71 5 80 19 97 60 66 51 57 62 77 70 61 64 27 74 72 12 59 67
4 13
4 6
4 0
4 19
3 1
3 20
1 17
1 2
1 8
1 16
2 15
2 18
2 14
17 76
17 13
17 53
15 11
18 10
20 29
20 27
6 7
13 12
7 5
53 55
53 58
76 78
29 30
30 31
31 32
32 33
33 34
34 35
35 36
36 37
37 38
38 39
39 40
50 58
50 56
55 63
55 51
55 61
56 54
56 57
56 59
58 52
58 60
58 64
63 62
78 79
78 73
78 65
78 66
78 70
78 72
79 69
79 75
79 68
79 71
79 77
79 74
79 67
69 85
85 96
85 99
85 91
95 96
95 84
99 97
91 92
92 89
89 80