0 68 35 74 75 77 78 82 83 84 85 86 90 94 95 70 3 4 46 6 17 59 18 13 58 47 38 30 36 42 81 88 87 99 19 76 91 92 21 9 80 16 8 73 65 93 39 96 89 63 97 79 98 28 11 54 40 61 41 72 45 2 37 34
0 68
0 35
0 74
0 75
0 77
0 78
0 82
0 83
0 84
0 85
0 86
0 90
0 94
0 95
0 81
0 88
0 87
0 99
0 76
0 91
0 92
0 80
0 73
0 93
0 96
0 89
0 97
0 79
0 98
68 13
68 42
68 63
68 61
35 54
74 3
75 6
77 8
78 9
82 16
83 17
84 18
85 19
86 21
90 28
94 36
95 38
70 18
70 30
70 2
3 11
4 46
4 34
46 30
6 59
17 47
59 58
13 39
13 45
58 72
47 65
38 37
36 41
42 40