5 10 15 21 25 31 33 39 42 51 52 63 64 65 66 67 68 69 70 71 73 74 75 76 77 79 80 81 82 83 84 85 86 87 88 89 90 91 92 93 0 2 72 7 12 16 19 26 37 38 32 35 34 36 41 47 40 45 44 43 46 78 54 56 59 50
5 10
5 2
10 21
15 31
15 7
21 42
25 51
25 12
31 63
33 64
33 16
39 67
39 19
42 69
51 73
52 74
52 26
63 79
64 80
64 32
65 80
65 35
65 34
66 81
66 37
66 36
67 81
67 38
68 82
68 41
68 40
69 82
69 43
70 83
70 45
70 44
71 83
71 47
71 46
73 84
73 50
74 85
75 85
75 54
76 86
76 56
77 86
77 59
79 87
80 88
81 88
82 89
83 89
84 90
84 72
85 90
86 91
87 91
87 78
88 92
89 92
90 93
91 93
92 0
93 0