4 6 8 14 15 17 16 18 19 20 23 24 25 27 33 36 40 43 44 46 47 48 52 54 60 61 63 64 65 66 78 77 84 85 38 45 67 26 28 53 5 55 39 56 3 57 92 13 68 32 72 80 88 90 99 12 35 97 41 86 37 58
4 6
4 3
6 24
6 8
8 38
14 77
14 17
14 15
14 13
15 32
15 88
17 18
17 36
16 18
16 47
16 61
16 5
16 12
18 19
19 20
20 43
23 25
23 46
23 48
23 26
24 85
24 27
25 33
25 64
25 45
27 28
33 78
33 40
33 90
33 99
33 41
33 58
36 55
40 44
43 52
44 54
44 57
46 60
47 53
48 65
48 37
52 56
54 39
60 63
61 35
63 67
64 68
65 72
66 78
66 84
66 80
78 97
77 84
77 86
84 85
84 92