0 10 5 14 9 19 11 20 12 13 27 18 29 30 22 31 28 39 40 36 37 49 38 50 43 44 45 46 51 47 48 59 60 52 53 58 69 61 70 62 66 67 77 68 79 80 89 81 90 82 83 99 91 92 93 94 73 76 32 35 63 23 26 1 4 8 54 57 84 88 41 42 17 95 98
0 10
0 1
10 20
10 11
5 14
5 4
14 13
9 19
9 8
19 29
19 18
11 12
20 30
12 13
27 28
27 26
18 17
29 39
29 28
30 40
30 31
22 31
22 23
31 32
39 49
39 38
40 50
40 41
36 37
36 35
37 38
49 48
49 59
50 51
50 60
43 44
43 42
44 45
45 51
45 46
46 47
51 52
47 48
59 58
59 69
60 61
60 70
52 53
53 54
58 57
69 68
69 79
61 62
70 80
62 63
66 67
66 77
67 68
77 76
79 89
80 81
80 90
80 73
89 99
89 88
81 82
90 91
82 83
83 84
99 98
91 92
92 93
93 94
94 95