2 96 98 5 7 8 9 11 12 13 14 17 20 22 23 26 27 29 31 33 34 36 37 38 39 40 41 42 43 45 46 48 51 53 54 56 57 59 60 62 64 66 68 69 71 74 75 78 80 82 83 35 61 47 52 55 86 24 58 93 50 32 44 30 21 49 28
2 5
2 98
96 98
96 93
5 7
7 8
8 9
9 12
11 14
11 13
12 13
14 17
17 20
20 22
22 23
22 21
23 26
26 27
26 24
27 29
27 28
29 31
31 33
31 30
33 34
33 32
34 36
36 39
37 38
37 35
38 39
38 41
40 42
40 43
41 42
43 45
43 44
45 46
45 48
46 47
48 51
48 50
48 49
51 53
51 52
53 54
54 56
54 57
54 55
56 59
56 58
57 60
59 61
60 62
62 64
64 66
66 68
68 69
69 71
71 74
74 75
75 78
78 80
80 82
82 83
83 86