0 4 6 11 12 17 18 20 22 23 24 26 29 30 32 35 36 38 40 41 37 42 44 47 48 50 53 54 56 59 60 65 66 71 72 77 78 83 84 89 90 92 45 8 58 80 39 2 31 57 46 14 49 51 43 64 55 25 52 33 74 94 68 86 34 62 27
0 4
0 2
4 6
6 11
6 8
11 12
12 17
12 14
17 18
18 20
20 22
22 23
23 24
24 29
24 26
26 27
29 30
29 25
30 35
30 32
30 34
32 33
35 36
35 31
36 38
36 40
38 39
40 37
41 37
41 42
42 44
42 47
42 46
44 45
47 48
47 43
48 50
48 53
50 51
53 54
53 49
53 52
54 56
54 59
54 58
56 57
59 60
59 55
60 65
60 64
60 62
65 66
66 71
66 68
71 72
72 77
72 74
77 78
78 83
78 80
83 84
84 89
84 86
89 90
90 92
92 94