56 54 57 53 59 51 60 50 62 48 63 47 65 45 66 44 68 42 69 41 71 39 72 38 74 36 75 35 77 33 78 32 80 30 81 29 83 27 84 26 86 24 87 23 89 21 90 20 92 18 93 17 95 15 96 14 12 11 9 8 6 5 3 40 67 70 55 98 58 46 52 76 34 43 2 49 31 73 61 37 64
56 54
56 57
56 55
54 53
57 59
57 58
53 51
53 52
59 60
51 50
60 62
60 61
50 48
50 49
62 63
48 47
63 65
63 64
47 45
47 46
65 66
45 44
66 68
66 67
44 42
44 43
68 69
42 41
69 71
69 70
41 39
41 40
71 72
39 38
72 74
72 73
38 36
38 37
74 75
36 35
75 77
75 76
35 33
35 34
77 78
33 32
78 80
32 30
32 31
80 81
30 29
81 83
29 27
83 84
27 26
84 86
26 24
86 87
24 23
87 89
23 21
89 90
21 20
90 92
20 18
92 93
18 17
93 95
17 15
95 96
15 14
96 98
14 12
12 11
11 9
9 8
8 6
6 5
5 3
3 2