3 19 4 5 21 7 8 24 11 13 25 38 14 39 17 26 18 23 29 43 35 48 49 50 58 59 60 63 64 69 75 67 79 78 72 74 82 83 73 84 95 57 22 32 2 46 6 51 66 20 42 61 10 27 81 16 28 9 44 92
3 4
3 59
3 2
19 18
19 32
4 5
4 21
4 20
5 7
5 8
5 60
5 6
21 23
21 22
7 58
8 9
24 23
24 25
11 13
11 38
13 25
13 14
13 10
38 35
14 39
39 48
17 18
17 16
26 18
26 29
26 27
26 28
18 23
29 43
29 44
43 42
35 46
48 49
49 50
50 51
58 57
59 63
60 61
63 64
64 69
69 75
75 84
67 72
67 74
67 66
79 78
79 95
78 72
72 73
74 83
82 83
82 81
73 84
95 92