20 21 22 23 24 25 26 27 28 29 30 31 32 33 34 35 36 37 38 39 40 41 42 43 44 45 46 47 48 49 51 53 54 55 56 57 59 61 64 67 69 71 74 77 79 81 84 87 10 11 12 13 14 15 16 17 18 19 50 58 52 63 65 66 89 91 94 97
20 30
20 10
21 31
21 11
22 32
22 12
23 33
23 13
24 34
24 14
25 35
25 15
26 36
26 16
27 37
27 17
28 38
28 18
29 39
29 19
30 40
31 41
32 42
33 43
34 44
35 45
36 46
37 47
38 48
39 49
40 41
40 50
41 42
41 51
42 43
42 52
43 44
43 53
44 45
44 54
45 46
45 55
46 47
46 56
47 48
47 57
48 49
48 58
49 59
51 61
53 63
54 64
55 65
56 66
57 67
59 69
61 71
64 74
67 77
69 79
71 81
74 84
77 87
79 89
81 91
84 94
87 97