61 85 23 1 31 12 40 92 20 44 68 46 95 83 9 72 8 10 51 73 39 0 82 88 84 11 3 69 71 32 43 57 22 30 17 70 81 67 21 42 25 45 38 49 7 27 76 96 99 15 62 89 98 87 5 65 35 4 77 56 48 94 36 97 59 47
61 31
61 85
61 95
61 89
85 23
85 72
85 51
23 1
23 12
23 30
23 42
23 76
1 44
1 39
1 45
1 4
31 40
31 68
31 73
31 47
12 92
12 82
40 46
40 20
40 36
92 10
92 0
20 83
20 49
44 81
44 98
68 43
68 67
46 84
95 9
83 70
83 65
83 77
9 8
9 59
72 11
72 57
72 99
8 96
10 88
51 71
51 87
73 27
39 69
39 5
39 94
0 3
82 15
88 32
88 38
84 22
11 35
3 17
69 48
71 56
71 97
32 21
43 62
57 7
22 25