0 1 3 10 13 11 5 6 8 9 19 14 28 20 22 23 24 30 34 35 39 50 47 48 51 56 49 57 72 52 60 71 58 70 69 73 74 77 76 75 82 83 84 81 42 61 78 85 87 12 66 31 4 33 29 59 44 36 45 7 16 38 15 18 21 2 25 32 46 54
0 10
0 1
1 12
3 10
3 11
10 13
13 14
13 16
13 2
11 20
11 18
11 21
5 6
5 4
6 8
8 28
8 9
8 14
8 7
9 19
19 44
19 45
14 15
28 30
20 22
22 23
23 24
24 25
30 35
30 31
30 33
30 29
34 35
34 32
35 50
35 39
35 36
39 38
50 49
50 72
50 42
47 48
47 51
47 46
48 49
51 52
56 57
56 60
49 57
57 58
72 71
72 74
52 54
60 61
71 70
58 59
70 69
70 73
69 66
73 77
74 76
77 78
76 75
76 87
75 82
82 83
82 81
83 84
84 85