1 5 6 8 9 10 12 11 19 20 22 21 26 29 28 25 35 48 56 59 55 58 57 62 60 63 64 68 66 69 67 74 77 83 80 82 87 88 85 89 86 91 90 96 34 44 53 99 94 42 18 39 23 27 75 0 61 79 14 45 7 81
1 60
1 0
5 6
5 8
5 9
5 55
6 34
8 96
8 7
9 89
10 12
10 14
12 11
11 63
11 53
19 90
19 48
19 18
20 87
20 22
20 23
22 21
21 82
26 29
26 75
29 25
28 89
28 25
28 27
35 68
35 39
48 45
56 59
56 90
59 58
55 58
55 57
57 64
62 64
62 74
62 42
60 63
60 61
63 64
68 67
66 91
66 69
69 67
74 44
77 86
77 79
83 82
83 80
80 81
87 88
88 85
85 89
85 86
91 90
90 94
96 99