1 2 5 12 13 14 11 15 26 25 27 28 30 31 37 38 39 36 41 40 60 53 50 51 52 55 56 63 64 61 65 76 77 78 80 85 88 86 18 43 68 93 62 34 59 16 17 33 42 47 58 67 91 92 46 66 35 32 57 89 0 75 4 19 29 44 54 69 6 81
1 2
1 0
2 5
2 4
2 6
5 14
5 13
12 13
12 11
13 18
13 16
13 19
14 15
11 17
15 26
26 27
26 25
26 28
26 34
25 33
27 30
27 31
27 29
28 35
30 39
30 38
31 32
37 38
37 36
38 41
38 43
38 44
39 40
36 42
41 47
41 46
40 53
60 53
60 61
53 51
50 51
50 58
51 52
51 59
52 55
52 56
52 54
55 64
55 63
56 57
63 68
63 66
63 69
64 65
61 62
61 67
65 76
76 77
76 78
76 75
77 80
77 81
78 85
80 88
80 89
85 86
88 93
88 91
86 92