4 5 6 7 8 9 10 15 16 17 18 20 21 22 23 26 27 28 32 33 34 35 36 40 45 46 50 51 56 57 58 59 60 61 62 63 64 67 68 69 70 71 72 73 74 77 78 79 88 89 90 92 97 98 99 96 84 0 65 19 11 37 3 52 25 14 93 75 80 55 29 87 41 76 42 24 47
4 5
4 88
4 3
5 6
6 64
6 7
7 8
8 9
8 0
9 10
10 92
10 40
10 11
15 16
15 14
16 17
17 18
18 23
20 60
20 21
20 19
21 22
22 23
23 24
26 71
26 27
26 25
27 28
28 29
32 33
32 84
33 72
34 60
34 35
35 36
36 37
40 41
45 90
45 46
46 47
50 90
50 51
51 52
51 42
56 57
56 55
57 58
58 59
59 60
60 61
61 62
61 72
62 63
63 64
64 65
67 68
67 77
68 69
69 70
70 71
71 72
72 73
72 99
73 74
74 75
77 78
77 76
78 79
79 80
88 89
88 87
89 90
92 93
97 98
97 96
98 99