0 1 7 9 20 8 16 17 10 15 21 43 27 28 61 57 30 44 58 80 40 38 48 42 47 82 56 63 59 74 60 64 69 72 65 67 71 90 76 77 78 81 36 54 22 62 84 88 87 2 23 37 97 68 49 93 66 12 29 53 79 3 13 35
0 7
0 1
1 3
7 8
9 17
9 2
20 27
20 23
8 16
16 43
16 37
17 21
10 15
10 13
15 21
15 12
21 28
21 29
43 30
43 38
27 61
28 57
28 22
61 60
57 58
57 56
30 44
30 58
30 80
44 42
58 59
58 74
80 78
40 42
40 36
38 48
38 35
48 47
48 49
47 82
82 81
56 62
56 53
63 65
63 54
59 60
74 71
74 79
60 64
60 69
60 72
64 88
64 66
69 90
69 68
72 76
65 67
67 71
90 97
76 77
77 93
78 87
81 84