54 90 27 35 69 64 96 55 11 14 97 85 10 75 78 68 17 23 86 80 65 24 61 74 31 44 0 79 4 87 3 59 28 38 58 39 42 48 66 13 37 83 40 60 9 36 26 50 43 49 93 81 46 52 41 76 2 84
54 64
54 90
54 55
54 69
54 86
54 50
90 27
90 14
90 11
90 35
90 40
90 36
90 52
27 96
27 41
35 9
69 23
69 97
69 49
64 78
64 59
64 48
96 17
96 75
96 60
55 68
55 24
11 83
14 10
97 81
85 31
85 58
85 66
10 26
75 3
75 37
78 0
68 28
17 80
23 42
23 76
86 38
80 13
65 61
65 93
65 2
24 31
61 74
61 87
74 0
44 0
44 79
44 4
44 43
79 84
4 46
87 39