8 4 10 5 16 18 23 12 30 34 36 2 37 3 19 40 42 26 44 0 45 17 51 52 53 60 62 64 67 28 38 68 11 69 70 71 73 79 81 83 87 89 90 91 92 95 97 66 61 88 35 77 46 7 78 43 21 20 80 59 6 33 58 55 82
8 10
8 4
8 67
4 45
10 51
10 89
5 83
5 18
16 18
16 90
23 12
23 33
12 69
12 43
30 37
30 21
34 97
34 7
36 2
36 60
36 83
2 68
2 61
37 3
3 53
3 92
19 71
19 59
40 91
40 80
42 26
42 55
26 62
44 68
44 0
44 95
0 53
45 82
17 52
17 46
51 87
52 70
53 66
60 20
62 64
64 79
64 6
67 28
67 38
28 70
38 73
68 11
11 87
11 88
69 71
71 95
73 91
79 81
81 89
81 35
87 97
89 77
90 78
92 58