0 38 36 81 82 84 85 86 87 95 30 19 12 23 28 59 22 57 51 64 76 80 73 96 68 75 74 83 97 34 71 78 90 88 72 77 79 70 94 39 15 20 26 43 25 69 99 91 89 93 92 98 65 31 6 44 2 18 4 52 7 60 42 58 32 54
0 87
0 38
0 36
0 81
0 82
0 84
0 85
0 86
0 95
0 76
0 80
0 73
0 96
0 68
0 75
0 74
0 83
0 97
0 34
0 71
0 78
0 90
0 88
0 72
0 77
0 79
0 70
0 94
0 69
0 99
0 91
0 89
0 92
0 98
0 32
38 64
38 25
38 65
38 7
36 51
36 93
36 31
36 6
36 18
36 42
81 19
82 20
84 22
85 23
86 26
87 30
95 39
30 44
30 2
19 4
12 23
12 28
28 54
59 57
59 15
22 57
57 52
51 43
51 60
64 58