0 1 2 7 10 25 12 15 16 18 19 20 21 22 23 24 27 32 33 34 35 49 38 40 42 44 45 46 47 70 55 57 75 71 72 74 79 82 83 84 85 88 89 96 97 98 50 68 92 69 9 11 4 13 28 37 39 43 3 5 6 8 14 17 29 30 31 36 41 48 58 64 73 26 60
0 2
0 1
0 4
1 98
2 18
2 68
7 15
7 5
7 6
7 8
10 25
10 12
10 9
25 20
25 27
25 28
25 26
12 11
12 13
15 16
16 18
18 19
18 17
19 20
19 44
20 21
20 3
21 22
22 23
22 24
23 14
24 38
27 70
32 35
32 29
32 30
32 31
33 34
33 35
34 49
34 36
49 45
38 47
38 37
40 42
40 39
42 45
42 43
42 41
44 45
46 47
46 48
70 71
70 69
55 57
55 50
57 89
57 58
75 79
75 60
71 79
72 74
72 73
74 88
74 64
79 82
82 85
83 85
83 84
84 92
88 97
88 89
96 98
96 97