0 1 2 3 4 5 6 11 24 25 26 27 28 29 30 31 32 33 34 35 36 37 38 39 40 41 42 43 45 48 49 50 51 60 61 59 58 57 47 46 23 13 14 12 9 10 7 8 52 71 73 65 54 72 96 74 78 44 66 76 95 62 53 75 55 98 56 77
0 1
0 2
1 3
1 4
2 5
2 6
3 7
3 8
4 9
4 10
5 11
5 12
6 13
6 14
11 24
11 23
24 25
25 26
25 27
25 37
26 28
26 29
27 31
28 32
28 33
29 34
29 35
30 37
30 36
31 38
31 39
32 40
32 41
33 42
33 43
34 45
34 44
35 47
35 46
36 48
36 49
37 50
37 51
38 52
38 53
39 54
39 55
40 57
40 56
41 59
41 58
42 60
42 61
43 62
45 65
45 66
48 71
48 72
49 73
49 74
50 76
50 75
51 78
51 77
60 96
60 95
61 98