0 1 2 3 4 5 6 7 12 16 17 18 19 20 21 22 23 24 25 26 27 28 29 30 31 32 33 34 35 36 37 38 39 40 41 42 43 60 61 62 63 64 65 66 67 68 69 70 75 80 79 78 81 82 92 94 90 83 84 85 91 89 56 87 77 74 44 86 8 11 15 95 46 47 48 49 50 51 52 53 54 55 57 58 59 71 88
0 91
0 1
1 2
2 3
3 4
4 5
5 6
6 7
7 8
12 68
12 11
16 17
16 15
17 18
18 19
19 20
20 21
21 22
22 23
23 24
24 25
25 26
25 75
26 27
27 28
28 29
29 30
30 31
31 32
32 33
33 34
34 35
35 36
35 60
36 37
37 38
37 85
38 39
38 84
39 40
39 83
40 41
40 90
41 42
42 43
43 44
60 61
61 62
61 80
62 63
63 64
64 65
64 69
65 66
66 67
67 68
69 70
70 81
70 71
75 74
80 79
79 78
78 77
81 82
82 92
92 94
94 95
90 91
83 86
84 87
84 88
85 89
89 56
56 46
56 47
56 48
56 49
56 50
56 51
56 52
56 53
56 54
56 55
56 57
56 58
56 59