57 56 59 54 60 53 62 51 63 50 65 48 66 47 68 45 69 44 71 42 72 41 74 39 75 38 77 36 78 35 80 33 81 32 83 30 84 29 86 27 87 26 89 24 90 23 92 21 93 20 95 18 96 17 15 14 12 11 9 8 6 5 3 49 25 2 67 70 28 46 55 98 40 34 61 73 58 43 37 52 31 64
57 56
57 59
57 58
56 54
56 55
59 60
54 53
60 62
60 61
53 51
53 52
62 63
51 50
63 65
63 64
50 48
50 49
65 66
48 47
66 68
66 67
47 45
47 46
68 69
45 44
69 71
69 70
44 42
44 43
71 72
42 41
72 74
72 73
41 39
41 40
74 75
39 38
75 77
38 36
38 37
77 78
36 35
78 80
35 33
35 34
80 81
33 32
81 83
32 30
32 31
83 84
30 29
84 86
29 27
29 28
86 87
27 26
87 89
26 24
26 25
89 90
24 23
90 92
23 21
92 93
21 20
93 95
20 18
95 96
18 17
96 98
17 15
15 14
14 12
12 11
11 9
9 8
8 6
6 5
5 3
3 2