8 9 10 12 14 15 16 17 18 19 24 25 30 31 32 38 39 40 41 42 43 48 49 50 53 54 55 56 57 58 60 61 62 63 64 65 66 67 68 73 74 75 80 81 82 83 87 88 89 96 98 99 26 29 33 37 44 47 79 84 92 95 5 7 11 13 23 51 52 59 69 71 72
8 9
8 7
9 10
10 19
12 17
12 11
12 13
14 15
14 5
15 16
15 24
16 17
17 18
18 49
18 19
24 23
25 30
25 26
30 39
30 31
31 32
31 48
32 33
38 39
38 29
38 37
39 40
40 74
40 41
41 42
42 43
43 44
48 49
48 47
50 55
50 51
53 54
53 52
54 63
55 64
55 56
56 57
56 73
57 58
58 71
60 61
60 59
61 62
62 63
63 64
64 65
65 99
65 66
66 67
67 68
68 69
73 74
73 72
75 80
75 79
80 81
80 89
81 82
81 98
82 83
83 96
83 84
87 88
87 92
88 89
96 95
98 99