6 8 4 10 11 12 9 14 20 13 15 21 22 17 16 24 26 29 31 34 35 28 32 30 36 37 44 41 46 47 95 51 50 54 56 58 63 60 61 62 64 98 76 77 81 82 86 90 93 94 87 91 92 96 80 83 84 73 75 55 40 45 27 57 68 39 49 18 2 3 79 33 38 97 53 25 67 0 1 5 7 19 23 42 43 48 52 88
6 12
6 0
6 1
6 7
8 14
8 2
4 9
4 3
10 11
10 5
11 16
12 13
12 18
12 19
9 14
14 20
20 15
20 13
13 26
15 21
21 22
22 17
22 29
22 23
17 16
24 31
24 30
24 25
26 31
26 32
26 33
29 34
29 35
29 51
29 50
34 41
35 28
28 27
32 39
32 38
30 36
36 37
36 42
36 43
37 44
44 95
41 46
41 47
41 40
41 52
46 45
47 48
95 96
51 54
50 56
54 58
54 49
56 63
56 53
58 75
58 57
63 60
60 61
61 64
61 62
62 98
64 68
64 67
98 94
76 77
76 73
77 81
81 82
82 86
86 90
90 93
93 94
87 91
87 84
87 55
91 96
91 92
92 97
80 83
80 79
80 88
83 84