2 1 4 5 88 3 76 11 6 8 12 13 17 19 22 15 96 18 28 26 27 45 55 53 46 33 64 36 37 54 52 60 61 62 72 67 66 98 84 70 87 43 14 30 31 59 63 50 48 41 56 9 69 47 51 99 83 34 80 75 93
2 4
2 76
1 88
1 4
1 5
4 11
4 48
5 6
88 55
3 76
3 9
11 51
6 8
8 12
12 50
13 19
13 75
17 18
17 28
19 55
19 15
22 55
22 53
22 45
15 96
15 14
96 67
18 45
18 26
18 27
18 93
28 30
26 31
27 80
55 46
55 60
55 63
53 33
46 43
33 64
64 84
64 34
36 52
36 59
37 54
37 69
54 67
52 72
52 41
60 61
61 62
61 47
62 98
72 84
66 70
66 56
98 87
70 87
70 83
87 99