4 5 6 38 70 68 96 15 57 18 19 61 20 83 53 28 31 30 32 92 37 69 59 39 63 52 94 58 67 60 93 62 75 66 79 90 95 36 97 14 86 33 7 17 48 40 16 21 23 74 71 89 78 3 27 56 11 82
4 5
4 3
5 38
5 6
6 7
6 11
38 37
38 39
70 69
70 71
68 67
68 69
96 95
96 97
15 57
15 14
15 16
57 58
57 56
18 61
18 19
18 17
19 20
19 83
61 60
61 62
20 21
83 82
53 52
53 23
28 31
28 27
31 32
31 30
30 86
32 92
32 33
92 93
37 59
37 36
59 58
59 60
39 40
63 62
63 48
52 94
94 93
94 95
58 67
67 66
60 93
62 75
75 74
66 79
79 78
90 95
90 89