1 5 4 6 9 3 21 2 94 92 93 86 7 8 12 88 10 11 15 16 17 19 20 35 22 52 23 24 71 25 26 91 29 31 32 36 83 61 64 74 75 85 51 79 78 57 80 34 56 63 67 81 13 38 27 69 77 84 87 28 30 39 42 49 54 60 62 73
1 29
1 4
1 5
1 79
1 80
1 49
1 62
5 9
4 2
6 74
6 93
9 88
9 28
9 54
3 2
3 21
21 42
2 12
2 94
2 69
94 92
94 23
94 30
92 15
92 51
93 86
86 19
7 8
7 38
8 12
12 11
88 64
10 11
10 31
11 52
11 39
15 85
16 17
16 78
17 24
19 20
19 61
20 35
35 34
22 52
22 56
22 27
22 73
52 67
23 32
24 26
24 71
24 25
71 74
25 87
26 91
91 29
91 13
31 57
32 63
32 81
36 64
36 83
83 84
61 60
75 85
75 77