1 2 3 4 5 6 7 8 9 10 11 12 13 14 15 18 27 30 31 32 28 29 19 20 21 23 34 35 36 37 38 48 49 50 56 57 60 45 61 72 76 85 78 80 84 42 86 81 73 62 96 90 51 39 99 26 24 22 17 16 69 65 54 89 93 0
1 2
1 72
1 99
1 0
2 3
3 4
4 5
4 57
4 20
4 90
5 6
6 7
6 78
7 8
8 9
9 10
9 85
10 11
10 28
11 12
12 13
13 14
14 15
15 16
18 19
18 17
27 28
27 26
30 29
30 31
31 32
31 60
31 48
32 54
28 29
28 23
29 76
19 20
20 21
21 22
23 96
23 24
34 78
34 35
34 80
35 36
36 37
37 38
38 39
48 49
49 50
50 51
56 57
56 45
56 93
60 61
45 65
61 62
72 73
72 69
76 42
85 84
85 86
80 81
84 89