3 4 10 13 6 15 18 21 25 19 22 33 20 24 34 35 39 41 44 45 46 51 49 50 52 55 59 58 65 64 67 73 76 77 88 89 86 91 99 97 32 54 43 62 96 40 48 79 27 81 47 7 90 85 57 53 2 38
3 4
3 2
4 13
10 13
10 6
13 21
6 7
15 25
15 27
18 19
18 32
21 20
25 24
19 33
19 22
19 20
22 24
33 35
33 34
34 39
35 41
39 38
41 44
41 40
44 45
44 54
44 43
45 51
45 46
45 48
46 47
51 49
49 50
50 52
52 55
52 53
55 59
59 65
59 58
58 57
65 67
65 64
64 62
67 73
73 77
76 88
76 81
77 88
77 79
88 89
88 85
89 86
89 99
86 91
91 90
99 97
97 96