58 40 13 57 49 43 10 80 85 95 24 12 22 14 52 63 65 66 77 18 62 78 96 45 75 48 33 74 44 50 64 46 27 1 23 29 3 4 5 19 21 25 30 32 35 36 37 47 55 56 67 69 71 73 76 82 83 89 98
58 40
58 1
40 18
13 12
13 3
13 89
57 75
57 4
57 55
57 76
49 45
49 5
43 52
43 48
43 82
10 85
10 80
10 95
80 69
85 66
85 18
95 73
24 14
24 12
24 75
24 77
24 23
24 21
22 63
22 46
22 37
14 63
14 52
14 66
52 44
52 71
52 83
65 64
65 47
66 78
66 96
77 64
18 62
18 25
62 29
78 19
78 30
96 50
45 44
45 98
75 74
48 27
48 36
33 74
33 32
74 35
50 56
50 67