2 0 4 98 1 6 96 3 99 8 94 5 97 10 92 7 95 12 90 9 93 14 88 11 91 16 86 13 89 18 84 15 87 20 82 17 85 22 80 19 83 24 78 21 81 26 76 23 79 28 74 25 77 30 72 27 75 32 70 29 73 34 68 31 71 36 66 33 69 38 64 35 67 40 62 37 65 42 60 39 63 44 58 41 61 46 43 59 48 45 57 55 53 47 50 56
2 0
2 4
0 98
0 1
4 6
98 96
1 3
1 99
6 8
96 94
3 5
99 97
8 10
94 92
5 7
97 95
10 12
92 90
7 9
95 93
12 14
90 88
9 11
93 91
14 16
88 86
11 13
91 89
16 18
86 84
13 15
89 87
18 20
84 82
15 17
87 85
20 22
82 80
17 19
85 83
22 24
80 78
19 21
83 81
24 26
78 76
21 23
81 79
26 28
76 74
23 25
79 77
28 30
74 72
25 27
77 75
30 32
72 70
27 29
75 73
32 34
70 68
29 31
73 71
34 36
68 66
31 33
71 69
36 38
66 64
33 35
69 67
38 40
64 62
35 37
67 65
40 42
62 60
37 39
65 63
42 44
60 58
39 41
63 61
44 46
58 56
41 43
61 59
46 48
43 45
59 57
48 50
45 47
57 55
55 53